2026-02-08 21:54:32,564 - INFO - File read successfully
2026-02-08 21:54:32,564 - INFO - Total records received: 5
2026-02-09 22:23:16,009 - INFO - File read successfully
2026-02-09 22:23:16,009 - WARNING - Invalid record {'patient_id': '102', 'age': '', 'diagnosis': 'Glaucoma'} - Reason: Invalid age
2026-02-09 22:23:16,009 - WARNING - Invalid record {'patient_id': '103', 'age': 'abc', 'diagnosis': 'Retina'} - Reason: Invalid age
2026-02-09 22:23:16,009 - WARNING - Invalid record {'patient_id': '104', 'age': '60', 'diagnosis': ''} - Reason: Missing diagnosis
2026-02-09 22:23:16,009 - INFO - Total records recieved: 5
2026-02-09 22:23:16,009 - INFO - Valid records count: 2
2026-02-09 22:23:16,009 - INFO - Invalid records count: 3
2026-02-09 23:29:54,526 - INFO - File read successfully
2026-02-09 23:29:54,528 - WARNING - Invalid record {'patient_id': '102', 'age': '', 'diagnosis': 'Glaucoma'} - Reason: Invalid age
2026-02-09 23:29:54,528 - WARNING - Invalid record {'patient_id': '103', 'age': 'abc', 'diagnosis': 'Retina'} - Reason: Invalid age
2026-02-09 23:29:54,528 - WARNING - Invalid record {'patient_id': '104', 'age': '60', 'diagnosis': ''} - Reason: Missing diagnosis
2026-02-09 23:29:54,528 - INFO - Total records recieved: 5
2026-02-09 23:29:54,528 - INFO - Valid records count: 2
2026-02-09 23:29:54,528 - INFO - Invalid records count: 3
2026-02-09 23:40:23,911 - INFO - File read successfully
2026-02-09 23:40:23,911 - WARNING - Invalid record {'patient_id': '102', 'age': '', 'diagnosis': 'Glaucoma'} - Reason: Invalid age
2026-02-09 23:40:23,911 - WARNING - Invalid record {'patient_id': '103', 'age': 'abc', 'diagnosis': 'Retina'} - Reason: Invalid age
2026-02-09 23:40:23,911 - WARNING - Invalid record {'patient_id': '104', 'age': '60', 'diagnosis': ''} - Reason: Missing diagnosis
2026-02-09 23:40:23,911 - INFO - Total records recieved: 5
2026-02-09 23:40:23,911 - INFO - Valid records count: 2
2026-02-09 23:40:23,911 - INFO - Invalid records count: 3
2026-02-09 23:40:23,911 - INFO - Processing record: {'patient_id': '101', 'age': '45', 'diagnosis': 'Cataract'}
2026-02-09 23:40:23,911 - INFO - Processing record: {'patient_id': '105', 'age': '55', 'diagnosis': 'Cataract'}
2026-02-09 23:55:46,711 - INFO - File read successfully
2026-02-09 23:55:46,711 - WARNING - Invalid record {'patient_id': '102', 'age': '', 'diagnosis': 'Glaucoma'} - Reason: Invalid age
2026-02-09 23:55:46,712 - WARNING - Invalid record {'patient_id': '103', 'age': 'abc', 'diagnosis': 'Retina'} - Reason: Invalid age
2026-02-09 23:55:46,712 - WARNING - Invalid record {'patient_id': '104', 'age': '60', 'diagnosis': ''} - Reason: Missing diagnosis
2026-02-09 23:55:46,712 - INFO - -----Data Summary----
2026-02-09 23:55:46,712 - INFO - Total records: 5
2026-02-09 23:55:46,712 - INFO - Valid records: 2
2026-02-09 23:55:46,712 - INFO - Invalid records: 3
2026-02-10 00:09:45,988 - DEBUG - Starting to read patient data file
2026-02-10 00:09:45,988 - DEBUG - CSV file loaded into memory
2026-02-10 00:09:45,988 - INFO - File read successfully
2026-02-10 00:09:45,988 - WARNING - Validation failed | patient_id=102 | Reason=Invalid age
2026-02-10 00:09:45,988 - WARNING - Validation failed | patient_id=103 | Reason=Invalid age
2026-02-10 00:09:45,988 - WARNING - Validation failed | patient_id=104 | Reason=Missing diagnosis
2026-02-10 00:09:45,988 - INFO - -----Data Summary----
2026-02-10 00:09:45,988 - INFO - Total records: 5
2026-02-10 00:09:45,988 - INFO - Valid records: 2
2026-02-10 00:09:45,988 - INFO - Invalid records: 3
2026-02-10 22:00:40,769 - DEBUG - Starting to read patient data file
2026-02-10 22:00:40,785 - DEBUG - CSV file loaded into memory
2026-02-10 22:00:40,785 - INFO - File read successfully
